<?xml version="1.0" encoding="UTF-8"?>
<testsuite xmlns:xsi="http://www.w3.org/2001/XMLSchema-instance" xsi:noNamespaceSchemaLocation="https://maven.apache.org/surefire/maven-surefire-plugin/xsd/surefire-test-report.xsd" version="3.0.2" name="personal.monolithic.MonolithicApplicationTests" time="10.293" tests="1" errors="0" skipped="0" failures="0" flakes="0">
  <properties>
[...]
</properties>
  <testcase name="contextLoads" classname="personal.monolithic.MonolithicApplicationTests" time="0.239">
    <system-out><![CDATA[
  .   ____          _            __ _ _
 /\\ / ___'_ __ _ _(_)_ __  __ _ \ \ \ \
( ( )\___ | '_ | '_| | '_ \/ _` | \ \ \ \
 \\/  ___)| |_)| | | | | || (_| |  ) ) ) )
  '  |____| .__|_| |_|_| |_\__, | / / / /
 =========|_|==============|___/=/_/_/_/

 :: Spring Boot ::                (v4.0.5)

2026-05-04 18:04:01.490 INFO  [main] p.m.MonolithicApplicationTests corrId= - Starting MonolithicApplicationTests using Java 21.0.10 with PID 52950 (started by ixxtring in /Users/ixxtring/Personal/monolithic)
2026-05-04 18:04:01.492 INFO  [main] p.m.MonolithicApplicationTests corrId= - No active profile set, falling back to 1 default profile: "default"
2026-05-04 18:04:01.622 INFO  [background-preinit] o.h.v.i.u.Version corrId= - HV000001: Hibernate Validator 9.0.1.Final
2026-05-04 18:04:01.871 INFO  [main] o.s.d.r.c.RepositoryConfigurationDelegate corrId= - Multiple Spring Data modules found, entering strict repository configuration mode
2026-05-04 18:04:01.876 INFO  [main] o.s.d.r.c.RepositoryConfigurationDelegate corrId= - Bootstrapping Spring Data JPA repositories in DEFAULT mode.
2026-05-04 18:04:01.885 INFO  [main] o.s.d.r.c.RepositoryConfigurationDelegate corrId= - Finished Spring Data repository scanning in 5 ms. Found 0 JPA repository interfaces.
2026-05-04 18:04:01.904 INFO  [main] o.s.d.r.c.RepositoryConfigurationDelegate corrId= - Multiple Spring Data modules found, entering strict repository configuration mode
2026-05-04 18:04:01.904 INFO  [main] o.s.d.r.c.RepositoryConfigurationDelegate corrId= - Bootstrapping Spring Data Redis repositories in DEFAULT mode.
2026-05-04 18:04:01.910 INFO  [main] o.s.d.r.c.RepositoryConfigurationDelegate corrId= - Finished Spring Data repository scanning in 1 ms. Found 0 Redis repository interfaces.
2026-05-04 18:04:02.185 INFO  [main] o.t.i.PullPolicy corrId= - Image pull policy will be performed by: DefaultPullPolicy()
2026-05-04 18:04:02.186 INFO  [main] o.t.u.ImageNameSubstitutor corrId= - Image name substitution will be performed by: DefaultImageNameSubstitutor (composite of 'ConfigurationFileImageNameSubstitutor' and 'PrefixingImageNameSubstitutor')
2026-05-04 18:04:02.217 INFO  [main] o.t.DockerClientFactory corrId= - Testcontainers version: 2.0.4
2026-05-04 18:04:02.309 INFO  [main] o.t.d.DockerClientProviderStrategy corrId= - Loaded org.testcontainers.dockerclient.UnixSocketClientProviderStrategy from ~/.testcontainers.properties, will try it first
2026-05-04 18:04:02.490 INFO  [main] o.t.d.DockerClientProviderStrategy corrId= - Found Docker environment with local Unix socket (unix:///var/run/docker.sock)
2026-05-04 18:04:02.491 INFO  [main] o.t.DockerClientFactory corrId= - Docker host IP address is localhost
2026-05-04 18:04:02.501 INFO  [main] o.t.DockerClientFactory corrId= - Connected to docker: 
  Server Version: 27.5.1
  API Version: 1.47
  Operating System: Docker Desktop
  Total Memory: 5925 MB
  Labels: 
    com.docker.desktop.address=unix:///Users/ixxtring/Library/Containers/com.docker.docker/Data/docker-cli.sock
2026-05-04 18:04:02.504 INFO  [main] o.t.DockerClientFactory corrId= - Checking the system...
2026-05-04 18:04:02.504 INFO  [main] o.t.DockerClientFactory corrId= - ✔︎ Docker server version should be at least 1.6.0
2026-05-04 18:04:02.551 INFO  [main] t.redis:latest corrId= - Creating container for image: redis:latest
2026-05-04 18:04:02.642 INFO  [main] o.t.u.RegistryAuthLocator corrId= - Credential helper/store (docker-credential-desktop) does not have credentials for https://index.docker.io/v1/
2026-05-04 18:04:02.645 INFO  [main] t.t.1.0 corrId= - Creating container for image: testcontainers/ryuk:0.14.0
2026-05-04 18:04:02.712 INFO  [main] t.t.1.0 corrId= - Container testcontainers/ryuk:0.14.0 is starting: 04e70eabe9383e4c3f8b3ff29e12cb99f1fc4fed531ecc54094724bbad8598e7
2026-05-04 18:04:03.010 INFO  [main] t.t.1.0 corrId= - Container testcontainers/ryuk:0.14.0 started in PT0.364533S
2026-05-04 18:04:03.035 INFO  [main] t.redis:latest corrId= - Container redis:latest is starting: 56bc43ecbef3444b815fd46acb3c215aa3b0aae77123484b2bf53748074f7eff
2026-05-04 18:04:03.277 INFO  [main] t.redis:latest corrId= - Container redis:latest started in PT0.725932S
2026-05-04 18:04:03.277 INFO  [main] t.postgres:latest corrId= - Creating container for image: postgres:latest
2026-05-04 18:04:03.301 INFO  [main] t.postgres:latest corrId= - Container postgres:latest is starting: 8341b1100be9bf023a6d0f43bbd34d955c305e2c4d5ec65cecbed586d1a9b068
2026-05-04 18:04:04.046 INFO  [main] t.postgres:latest corrId= - Container postgres:latest started in PT0.768645S
2026-05-04 18:04:04.047 INFO  [main] t.postgres:latest corrId= - Container is started (JDBC URL: jdbc:postgresql://localhost:62504/test?loggerLevel=OFF)
2026-05-04 18:04:04.285 INFO  [main] o.f.c.FlywayExecutor corrId= - Database: jdbc:postgresql://localhost:62504/test?loggerLevel=OFF (PostgreSQL 18.3)
2026-05-04 18:04:04.310 INFO  [main] o.f.c.i.s.JdbcTableSchemaHistory corrId= - Schema history table "public"."flyway_schema_history" does not exist yet
2026-05-04 18:04:04.312 INFO  [main] o.f.c.i.c.DbValidate corrId= - Successfully validated 2 migrations (execution time 00:00.009s)
2026-05-04 18:04:04.325 INFO  [main] o.f.c.i.s.JdbcTableSchemaHistory corrId= - Creating Schema History table "public"."flyway_schema_history" ...
2026-05-04 18:04:04.362 INFO  [main] o.f.c.i.c.DbMigrate corrId= - Current version of schema "public": << Empty Schema >>
2026-05-04 18:04:04.369 INFO  [main] o.f.c.i.c.DbMigrate corrId= - Migrating schema "public" to version "1.0.0 - initialize"
2026-05-04 18:04:04.394 INFO  [main] o.f.c.i.c.DbMigrate corrId= - Migrating schema "public" to version "1.0.1 - refresh tokens"
2026-05-04 18:04:04.403 INFO  [main] o.f.c.i.c.DbMigrate corrId= - Successfully applied 2 migrations to schema "public", now at version v1.0.1 (execution time 00:00.021s)
2026-05-04 18:04:04.447 INFO  [main] o.h.o.jpa corrId= - HHH008540: Processing PersistenceUnitInfo [name: default]
2026-05-04 18:04:04.476 INFO  [main] o.h.o.core corrId= - HHH000001: Hibernate ORM core version 7.2.7.Final
2026-05-04 18:04:04.639 INFO  [main] o.s.o.j.p.SpringPersistenceUnitInfo corrId= - No LoadTimeWeaver setup: ignoring JPA class transformer
2026-05-04 18:04:04.652 INFO  [main] c.z.h.HikariDataSource corrId= - HikariPool-1 - Starting...
2026-05-04 18:04:04.665 INFO  [main] c.z.h.p.HikariPool corrId= - HikariPool-1 - Added connection org.postgresql.jdbc.PgConnection@550ce3a9
2026-05-04 18:04:04.666 INFO  [main] c.z.h.HikariDataSource corrId= - HikariPool-1 - Start completed.
2026-05-04 18:04:04.679 WARN  [main] o.h.o.deprecation corrId= - HHH90000025: PostgreSQLDialect does not need to be specified explicitly using 'hibernate.dialect' (remove the property setting and it will be selected by default)
2026-05-04 18:04:04.689 INFO  [main] o.h.o.c.pooling corrId= - HHH10001005: Database info:
	Database JDBC URL [jdbc:postgresql://localhost:62504/test?loggerLevel=OFF]
	Database driver: PostgreSQL JDBC Driver
	Database dialect: PostgreSQLDialect
	Database version: 18.3
	Default catalog/schema: test/public
	Autocommit mode: undefined/unknown
	Isolation level: READ_COMMITTED [default READ_COMMITTED]
	JDBC fetch size: none
	Pool: DataSourceConnectionProvider
	Minimum pool size: undefined/unknown
	Maximum pool size: undefined/unknown
2026-05-04 18:04:05.098 INFO  [main] o.h.o.core corrId= - HHH000489: No JTA platform available (set 'hibernate.transaction.jta.platform' to enable JTA platform integration)
2026-05-04 18:04:05.238 INFO  [main] o.s.o.j.LocalContainerEntityManagerFactoryBean corrId= - Initialized JPA EntityManagerFactory for persistence unit 'default'
2026-05-04 18:04:05.435 WARN  [main] o.s.b.j.a.JpaBaseConfiguration$JpaWebConfiguration corrId= - spring.jpa.open-in-view is enabled by default. Therefore, database queries may be performed during view rendering. Explicitly configure spring.jpa.open-in-view to disable this warning
2026-05-04 18:04:05.775 INFO  [pool-3-thread-1] o.s.b.f.s.DefaultListableBeanFactory corrId= - Obtaining singleton bean 'swaggerConfigResource' in thread "pool-3-thread-1" while other thread holds singleton lock for other beans [springDocApiVersionCustomizer]
2026-05-04 18:04:05.837 ERROR [main] i.n.r.d.DnsServerAddressStreamProviders corrId= - Unable to load io.netty.resolver.dns.macos.MacOSDnsServerAddressStreamProvider, fallback to system defaults. This may result in incorrect DNS resolutions on MacOS. Check whether you have a dependency on 'io.netty:netty-resolver-dns-native-macos'. Use DEBUG level to see the full stack: java.lang.UnsatisfiedLinkError: failed to load the required native library
2026-05-04 18:04:05.838 INFO  [pool-3-thread-1] o.s.a.AbstractOpenApiResource corrId= - Init duration for springdoc-openapi is: 65 ms
2026-05-04 18:04:06.103 INFO  [main] o.s.a.m.OpenApiMcpToolCallbackProvider corrId= - Registered 4 MCP tool callbacks from OpenAPI specification
2026-05-04 18:04:06.111 INFO  [main] p.m.MonolithicApplicationTests corrId= - Started MonolithicApplicationTests in 4.761 seconds (process running for 10.348)
2026-05-04 18:04:06.112 WARN  [main] o.s.c.e.SpringDocAppInitializer corrId= - SpringDoc /v3/api-docs endpoint is enabled by default. To disable it in production, set the property 'springdoc.api-docs.enabled=false'
2026-05-04 18:04:06.112 WARN  [main] o.s.c.e.SpringDocAppInitializer corrId= - SpringDoc /mcp endpoint is enabled by default. To disable it in production, set the property 'springdoc.ai.mcp.enabled=false'
2026-05-04 18:04:06.112 WARN  [main] o.s.c.e.SpringDocAppInitializer corrId= - SpringDoc /mcp-ui endpoint is enabled by default. To disable it in production, set the property 'springdoc.ai.mcp.dashboard-enabled=false'
2026-05-04 18:04:06.112 WARN  [main] o.s.c.e.SpringDocAppInitializer corrId= - SpringDoc /swagger-ui.html endpoint is enabled by default. To disable it in production, set the property 'springdoc.swagger-ui.enabled=false'
]]></system-out>
    <system-err><![CDATA[Mockito is currently self-attaching to enable the inline-mock-maker. This will no longer work in future releases of the JDK. Please add Mockito as an agent to your build as described in Mockito's documentation: https://javadoc.io/doc/org.mockito/mockito-core/latest/org.mockito/org/mockito/Mockito.html#0.3
WARNING: A Java agent has been loaded dynamically (/Users/ixxtring/.m2/repository/net/bytebuddy/byte-buddy-agent/1.17.8/byte-buddy-agent-1.17.8.jar)
WARNING: If a serviceability tool is in use, please run with -XX:+EnableDynamicAgentLoading to hide this warning
WARNING: If a serviceability tool is not in use, please run with -Djdk.instrument.traceUsage for more information
WARNING: Dynamic loading of agents will be disallowed by default in a future release
]]></system-err>
  </testcase>
</testsuite>